<?xml version="1.0" encoding="UTF-8"?>
<testsuite xmlns:xsi="http://www.w3.org/2001/XMLSchema-instance" xsi:noNamespaceSchemaLocation="https://maven.apache.org/surefire/maven-surefire-plugin/xsd/surefire-test-report.xsd" version="3.0.2" name="com.example.RechercheVilleTest" time="0.125" tests="6" errors="0" skipped="0" failures="0" flakes="0">
  <properties>
[...]
</properties>
  <testcase name="devraitRetournerBudapestPourLaRechercheApe" classname="com.example.RechercheVilleTest" time="0.073"/>
  <testcase name="devraitRetournerValenceEtVancouverPourLaRechercheVa" classname="com.example.RechercheVilleTest" time="0.004"/>
  <testcase name="devraitLeverUneNotFoundExceptionQuandLeTexteEstVide" classname="com.example.RechercheVilleTest" time="0.005"/>
  <testcase name="devraitEtreInsensibleALaCasse" classname="com.example.RechercheVilleTest" time="0.002"/>
  <testcase name="devraitLeverUneNotFoundExceptionQuandLeTexteContientMoinsDe2Caracteres" classname="com.example.RechercheVilleTest" time="0.002"/>
  <testcase name="devraitRetournerToutesLesVillesQuandLeTexteEstUnAsterisque" classname="com.example.RechercheVilleTest" time="0.002"/>
</testsuite>