<?xml version="1.0" encoding="UTF-8"?>
<testsuite xmlns:xsi="http://www.w3.org/2001/XMLSchema-instance" xsi:noNamespaceSchemaLocation="https://maven.apache.org/surefire/maven-surefire-plugin/xsd/surefire-test-report.xsd" version="3.0.2" name="com.example.FrameTest" time="1.531" tests="12" errors="0" skipped="0" failures="0" flakes="0">
  <properties>
[...]
</properties>
  <testcase name="shouldAcceptThirdRollWhenLastFrameStartsWithStrike" classname="com.example.FrameTest" time="1.424">
    <system-err><![CDATA[Mockito is currently self-attaching to enable the inline-mock-maker. This will no longer work in future releases of the JDK. Please add Mockito as an agent to your build as described in Mockito's documentation: https://javadoc.io/doc/org.mockito/mockito-core/latest/org.mockito/org/mockito/Mockito.html#0.3
WARNING: A Java agent has been loaded dynamically (C:\Users\allan\.m2\repository\net\bytebuddy\byte-buddy-agent\1.17.7\byte-buddy-agent-1.17.7.jar)
WARNING: If a serviceability tool is in use, please run with -XX:+EnableDynamicAgentLoading to hide this warning
WARNING: If a serviceability tool is not in use, please run with -Djdk.instrument.traceUsage for more information
WARNING: Dynamic loading of agents will be disallowed by default in a future release
]]></system-err>
  </testcase>
  <testcase name="shouldIncreaseScoreWhenFirstRollIsMadeInStandardFrame" classname="com.example.FrameTest" time="0.005"/>
  <testcase name="shouldIncreaseScoreWhenSecondRollIsMadeInStandardFrame" classname="com.example.FrameTest" time="0.004"/>
  <testcase name="shouldIncreaseScoreWhenSecondRollIsMadeAfterStrikeInLastFrame" classname="com.example.FrameTest" time="0.004"/>
  <testcase name="shouldRejectSecondRollWhenStandardFrameStartsWithStrike" classname="com.example.FrameTest" time="0.005"/>
  <testcase name="shouldRejectThirdRollWhenStandardFrameAlreadyHasTwoRolls" classname="com.example.FrameTest" time="0.002"/>
  <testcase name="shouldIncreaseScoreWhenThirdRollIsMadeAfterSpareInLastFrame" classname="com.example.FrameTest" time="0.003"/>
  <testcase name="shouldIncreaseScoreWhenThirdRollIsMadeAfterStrikeInLastFrame" classname="com.example.FrameTest" time="0.003"/>
  <testcase name="shouldRejectFourthRollInLastFrame" classname="com.example.FrameTest" time="0.001"/>
  <testcase name="shouldAcceptSecondRollWhenLastFrameStartsWithStrike" classname="com.example.FrameTest" time="0.002"/>
  <testcase name="shouldRejectThirdRollWhenLastFrameHasNoStrikeOrSpare" classname="com.example.FrameTest" time="0.002"/>
  <testcase name="shouldAcceptThirdRollWhenLastFrameStartsWithSpare" classname="com.example.FrameTest" time="0.003"/>
</testsuite>